{"synthetic": false,
 "schemaVersion": "2025-09-10",
 "outputs":
 {"o": ["7d7ba313e5e6230d.olean"],
  "i": "08530fcc2365ee37.ilean",
  "c": "c04ac84325c30813.c"},
 "log":
 [{"message":
   ".> LEAN_PATH=C:\\Progetti\\a-weak-Silly-substitution-Calculus\\.lake\\build\\lib\\lean c:\\Users\\darkl\\.elan\\toolchains\\leanprover--lean4---v4.29.1\\bin\\lean.exe C:\\Progetti\\a-weak-Silly-substitution-Calculus\\Main.lean -o C:\\Progetti\\a-weak-Silly-substitution-Calculus\\.lake\\build\\lib\\lean\\Main.olean -i C:\\Progetti\\a-weak-Silly-substitution-Calculus\\.lake\\build\\lib\\lean\\Main.ilean -c C:\\Progetti\\a-weak-Silly-substitution-Calculus\\.lake\\build\\ir\\Main.c --setup C:\\Progetti\\a-weak-Silly-substitution-Calculus\\.lake\\build\\ir\\Main.setup.json --json",
   "level": "trace"}],
 "inputs":
 [["Main:deps",
   [["deps",
     [["lean_ssc/LeanSsc:extraDep",
       [["@lean_ssc:extraDep", "00000000000006bb"]]],
      ["imports",
       [["SSC.Syntax transitive imports (legacy)", "00000000000006bb"],
        ["SSC.Syntax:importAllArts", "84f7930ec62dc6d3"],
        ["SSC.Contexts transitive imports (legacy)", "958f8a921ee85d37"],
        ["SSC.Contexts:importAllArts", "34b0799dbfeaafa9"],
        ["SSC.Decompose transitive imports (legacy)", "79faa1915d659f8b"],
        ["SSC.Decompose:importAllArts", "557902e4ebaba395"],
        ["SSC.Reduction transitive imports (legacy)", "31da769e935ee0a8"],
        ["SSC.Reduction:importAllArts", "e7be33ddfc27e220"],
        ["SSC.Examples transitive imports (legacy)", "88e54aaf13563c3a"],
        ["SSC.Examples:importAllArts", "24afbe86ce308627"],
        ["SSC.NormalForms transitive imports (legacy)", "88e54aaf13563c3a"],
        ["SSC.NormalForms:importAllArts", "58b04806057be111"],
        ["SSC.Theorems.WeakNormalImpliesNormal transitive imports (legacy)",
         "c929348de255b943"],
        ["SSC.Theorems.WeakNormalImpliesNormal:importAllArts",
         "1fa64347102d771d"]]]]],
    ["libs",
     [["import dynlibs", "00000000000006bb"],
      ["package external libraries", "00000000000006bb"],
      ["module dynlibs", "00000000000006bb"],
      ["module plugins", "00000000000006bb"]]]]],
  ["Lean 4.29.1, commit f72c35b3f637c8c6571d353742168ab66cc22c00",
   "fa77a35a41db35c0"],
  ["C:\\Progetti\\a-weak-Silly-substitution-Calculus\\Main.lean",
   "2ff8235583ec54ad"],
  ["options", "00000000000006bb"],
  ["isModule: false", "feefd2a0d3a1847e"],
  ["Module.name: Main", "f2a1fd945cf30c62"],
  ["Package.id?: (some lean_ssc)", "17c70cb315a52c3a"],
  ["Module.leanArgs: #[]", "00000000000006bb"]],
 "depHash": "b780ba56ae4e63b4"}