{"synthetic": false,
 "schemaVersion": "2025-09-10",
 "outputs":
 {"o": ["867ad45a94ac7ccd.olean"],
  "i": "9ace388461c1bf36.ilean",
  "c": "f8532f5be112885c.c"},
 "log":
 [{"message":
   ".> LEAN_PATH=C:\\Progetti\\a-weak-Silly-substitution-Calculus\\.lake\\build\\lib\\lean c:\\Users\\darkl\\.elan\\toolchains\\leanprover--lean4---v4.29.1\\bin\\lean.exe C:\\Progetti\\a-weak-Silly-substitution-Calculus\\SSC\\Examples.lean -o C:\\Progetti\\a-weak-Silly-substitution-Calculus\\.lake\\build\\lib\\lean\\SSC\\Examples.olean -i C:\\Progetti\\a-weak-Silly-substitution-Calculus\\.lake\\build\\lib\\lean\\SSC\\Examples.ilean -c C:\\Progetti\\a-weak-Silly-substitution-Calculus\\.lake\\build\\ir\\SSC\\Examples.c --setup C:\\Progetti\\a-weak-Silly-substitution-Calculus\\.lake\\build\\ir\\SSC\\Examples.setup.json --json",
   "level": "trace"}],
 "inputs":
 [["SSC.Examples:deps",
   [["deps",
     [["lean_ssc/SSC:extraDep", [["@lean_ssc:extraDep", "00000000000006bb"]]],
      ["imports",
       [["SSC.Reduction transitive imports (legacy)", "31da769e935ee0a8"],
        ["SSC.Reduction:importAllArts", "e7be33ddfc27e220"]]]]],
    ["libs",
     [["import dynlibs", "00000000000006bb"],
      ["package external libraries", "00000000000006bb"],
      ["module dynlibs", "00000000000006bb"],
      ["module plugins", "00000000000006bb"]]]]],
  ["Lean 4.29.1, commit f72c35b3f637c8c6571d353742168ab66cc22c00",
   "fa77a35a41db35c0"],
  ["C:\\Progetti\\a-weak-Silly-substitution-Calculus\\SSC\\Examples.lean",
   "d6dbac5c49dfc13b"],
  ["options", "00000000000006bb"],
  ["isModule: false", "feefd2a0d3a1847e"],
  ["Module.name: SSC.Examples", "ca13180e3f25c23d"],
  ["Package.id?: (some lean_ssc)", "17c70cb315a52c3a"],
  ["Module.leanArgs: #[]", "00000000000006bb"]],
 "depHash": "57cb2e9ba4aac693"}