{"synthetic": false,
 "schemaVersion": "2025-09-10",
 "outputs":
 {"o": ["795a7e6cccceb3e3.olean"],
  "i": "b1296f460da70fdd.ilean",
  "c": "061c73d0f5455044.c"},
 "log":
 [{"message":
   ".> LEAN_PATH=C:\\Progetti\\a-weak-Silly-substitution-Calculus\\.lake\\build\\lib\\lean c:\\Users\\darkl\\.elan\\toolchains\\leanprover--lean4---v4.29.1\\bin\\lean.exe C:\\Progetti\\a-weak-Silly-substitution-Calculus\\SSC\\NormalForms.lean -o C:\\Progetti\\a-weak-Silly-substitution-Calculus\\.lake\\build\\lib\\lean\\SSC\\NormalForms.olean -i C:\\Progetti\\a-weak-Silly-substitution-Calculus\\.lake\\build\\lib\\lean\\SSC\\NormalForms.ilean -c C:\\Progetti\\a-weak-Silly-substitution-Calculus\\.lake\\build\\ir\\SSC\\NormalForms.c --setup C:\\Progetti\\a-weak-Silly-substitution-Calculus\\.lake\\build\\ir\\SSC\\NormalForms.setup.json --json",
   "level": "trace"}],
 "inputs":
 [["SSC.NormalForms:deps",
   [["deps",
     [["lean_ssc/SSC:extraDep", [["@lean_ssc:extraDep", "00000000000006bb"]]],
      ["imports", "00000000000006bb"]]],
    ["libs",
     [["import dynlibs", "00000000000006bb"],
      ["package external libraries", "00000000000006bb"],
      ["module dynlibs", "00000000000006bb"],
      ["module plugins", "00000000000006bb"]]]]],
  ["Lean 4.29.1, commit f72c35b3f637c8c6571d353742168ab66cc22c00",
   "fa77a35a41db35c0"],
  ["C:\\Progetti\\a-weak-Silly-substitution-Calculus\\SSC\\NormalForms.lean",
   "21c42906adea99f5"],
  ["options", "00000000000006bb"],
  ["isModule: false", "feefd2a0d3a1847e"],
  ["Module.name: SSC.NormalForms", "6d49ff91e09c5dc3"],
  ["Package.id?: (some lean_ssc)", "17c70cb315a52c3a"],
  ["Module.leanArgs: #[]", "00000000000006bb"]],
 "depHash": "c9122567e350a997"}