{"synthetic": false,
 "schemaVersion": "2025-09-10",
 "outputs": "3cbb25a68d65a245.exe",
 "log":
 [{"message":
   ".> c:\\Users\\darkl\\.elan\\toolchains\\leanprover--lean4---v4.29.1\\bin\\clang.exe -o C:\\Progetti\\a-weak-Silly-substitution-Calculus\\.lake\\build\\bin\\LeanSsc.exe @C:\\Progetti\\a-weak-Silly-substitution-Calculus\\.lake\\build\\bin\\LeanSsc.exe.rsp",
   "level": "trace"}],
 "inputs":
 [["linkObjs",
   [["C:\\Progetti\\a-weak-Silly-substitution-Calculus\\.lake\\build\\ir\\Main.c.o.noexport",
     "05cd293d516c8383"],
    ["C:\\Progetti\\a-weak-Silly-substitution-Calculus\\.lake\\build\\ir\\SSC\\Syntax.c.o.noexport",
     "5ceeda08d4211088"],
    ["C:\\Progetti\\a-weak-Silly-substitution-Calculus\\.lake\\build\\ir\\SSC\\Contexts.c.o.noexport",
     "9f708e367738609b"],
    ["C:\\Progetti\\a-weak-Silly-substitution-Calculus\\.lake\\build\\ir\\SSC\\Decompose.c.o.noexport",
     "d5a3ea1d3f9d6d71"],
    ["C:\\Progetti\\a-weak-Silly-substitution-Calculus\\.lake\\build\\ir\\SSC\\Reduction.c.o.noexport",
     "41b85c63f5f17870"],
    ["C:\\Progetti\\a-weak-Silly-substitution-Calculus\\.lake\\build\\ir\\SSC\\Examples.c.o.noexport",
     "3e1661e7ac16f087"],
    ["C:\\Progetti\\a-weak-Silly-substitution-Calculus\\.lake\\build\\ir\\SSC\\NormalForms.c.o.noexport",
     "140e3b511d6b8b3d"],
    ["C:\\Progetti\\a-weak-Silly-substitution-Calculus\\.lake\\build\\ir\\SSC\\Theorems\\WeakNormalImpliesNormal.c.o.noexport",
     "cf87c59caaa99ae6"]]],
  ["linkLibs", "00000000000006bb"],
  ["Lean 4.29.1, commit f72c35b3f637c8c6571d353742168ab66cc22c00",
   "fa77a35a41db35c0"],
  ["traceArgs: #[-Wl,--whole-archive, -lleanmanifest, -Wl,--no-whole-archive]",
   "d9dc93f51f923c09"],
  ["x86_64-w64-windows-gnu", "360db333d006d911"]],
 "depHash": "f8aa2b9922aba357"}